<?xml version="1.0" encoding="UTF-8"?>
<!-- Generated by org.testng.reporters.JUnitXMLReporter -->
<testsuite hostname="NML13" ignored="0" name="HRM CreateNewUserAndLoginUsingNewlyCreatedUser" tests="5" failures="0" timestamp="28 Dec 2021 04:22:13 GMT" time="34.018" errors="0">
  <testcase name="set_LoginCredentials" time="0.466" classname="com.HRM.testcases.Tc_002_CreateNewEmployeeAndLoginWithNewEmployee"/>
  <testcase name="click_onLoginButton" time="4.998" classname="com.HRM.testcases.Tc_002_CreateNewEmployeeAndLoginWithNewEmployee"/>
  <testcase name="creatingNewUser" time="9.64" classname="com.HRM.testcases.Tc_002_CreateNewEmployeeAndLoginWithNewEmployee"/>
  <testcase name="logOutFromHRMApplication" time="6.216" classname="com.HRM.testcases.Tc_002_CreateNewEmployeeAndLoginWithNewEmployee"/>
  <testcase name="loginWithNewlyCreatedUser" time="3.224" classname="com.HRM.testcases.Tc_002_CreateNewEmployeeAndLoginWithNewEmployee"/>
</testsuite> <!-- HRM CreateNewUserAndLoginUsingNewlyCreatedUser -->
