<?xml version="1.0" encoding="UTF-8"?>
<!-- Generated by org.testng.reporters.JUnitXMLReporter -->
<testsuite hostname="NML13" ignored="0" name="HRM LoginTest" tests="3" failures="0" timestamp="28 Dec 2021 04:21:39 GMT" time="17.254" errors="0">
  <testcase name="set_LoginCredentials" time="0.584" classname="com.HRM.testcases.Tc_001_LoginIntoAppWithValidCreds"/>
  <testcase name="click_onLoginButton" time="4.543" classname="com.HRM.testcases.Tc_001_LoginIntoAppWithValidCreds"/>
  <testcase name="verifyTheTitle_AfterLogin" time="0.05" classname="com.HRM.testcases.Tc_001_LoginIntoAppWithValidCreds"/>
</testsuite> <!-- HRM LoginTest -->
