<?xml version="1.0" encoding="UTF-8"?>
<testsuite name="TestSuite" time="29.663" tests="8" errors="0" skipped="0" failures="0">
  <properties>
[...]
</properties>
  <testcase name="set_LoginCredentials" classname="com.HRM.testcases.Tc_001_LoginIntoAppWithValidCreds" time="0.536"/>
  <testcase name="click_onLoginButton" classname="com.HRM.testcases.Tc_001_LoginIntoAppWithValidCreds" time="4.544"/>
  <testcase name="verifyTheTitle_AfterLogin" classname="com.HRM.testcases.Tc_001_LoginIntoAppWithValidCreds" time="0.046"/>
  <testcase name="set_LoginCredentials" classname="com.HRM.testcases.Tc_002_CreateNewEmployeeAndLoginWithNewEmployee" time="0.464"/>
  <testcase name="click_onLoginButton" classname="com.HRM.testcases.Tc_002_CreateNewEmployeeAndLoginWithNewEmployee" time="4.996"/>
  <testcase name="creatingNewUser" classname="com.HRM.testcases.Tc_002_CreateNewEmployeeAndLoginWithNewEmployee" time="9.639"/>
  <testcase name="logOutFromHRMApplication" classname="com.HRM.testcases.Tc_002_CreateNewEmployeeAndLoginWithNewEmployee" time="6.216"/>
  <testcase name="loginWithNewlyCreatedUser" classname="com.HRM.testcases.Tc_002_CreateNewEmployeeAndLoginWithNewEmployee" time="3.222"/>
</testsuite>